<?xml version="1.0" encoding="UTF-8" ?>
<testsuite tests="27" failures="0" name="clientTest.JedalenClientTest" time="1.361" errors="0" skipped="0">
  <properties>
    <property name="java.runtime.name" value="Java(TM) SE Runtime Environment"/>
    <property name="sun.boot.library.path" value="C:\Program Files\Java\jdk1.8.0_101\jre\bin"/>
    <property name="java.vm.version" value="25.101-b13"/>
    <property name="java.vm.vendor" value="Oracle Corporation"/>
    <property name="java.vendor.url" value="http://java.oracle.com/"/>
    <property name="path.separator" value=";"/>
    <property name="guice.disable.misplaced.annotation.check" value="true"/>
    <property name="java.vm.name" value="Java HotSpot(TM) 64-Bit Server VM"/>
    <property name="file.encoding.pkg" value="sun.io"/>
    <property name="user.script" value=""/>
    <property name="user.country" value="SK"/>
    <property name="sun.java.launcher" value="SUN_STANDARD"/>
    <property name="sun.os.patch.level" value=""/>
    <property name="java.vm.specification.name" value="Java Virtual Machine Specification"/>
    <property name="user.dir" value="C:\Users\akack\Documents\NetBeansProjects\Zapocet2UT"/>
    <property name="java.runtime.version" value="1.8.0_101-b13"/>
    <property name="java.awt.graphicsenv" value="sun.awt.Win32GraphicsEnvironment"/>
    <property name="java.endorsed.dirs" value="C:\Program Files\Java\jdk1.8.0_101\jre\lib\endorsed"/>
    <property name="os.arch" value="amd64"/>
    <property name="java.io.tmpdir" value="C:\Users\akack\AppData\Local\Temp\"/>
    <property name="line.separator" value="
"/>
    <property name="java.vm.specification.vendor" value="Oracle Corporation"/>
    <property name="user.variant" value=""/>
    <property name="os.name" value="Windows 10"/>
    <property name="maven.ext.class.path" value="C:\Program Files\NetBeans 8.1\java\maven-nblib\netbeans-eventspy.jar"/>
    <property name="classworlds.conf" value="C:\Program Files\NetBeans 8.1\java\maven\bin\m2.conf"/>
    <property name="sun.jnu.encoding" value="Cp1250"/>
    <property name="java.library.path" value="C:\Program Files\Java\jdk1.8.0_101\bin;C:\WINDOWS\Sun\Java\bin;C:\WINDOWS\system32;C:\WINDOWS;C:\ProgramData\Oracle\Java\javapath;C:\Program Files\NVIDIA GPU Computing Toolkit\CUDA\v10.2\bin;C:\Program Files\NVIDIA GPU Computing Toolkit\CUDA\v10.2\libnvvp;C:\Windows\system32;C:\Windows;C:\Windows\System32\Wbem;C:\Windows\System32\WindowsPowerShell\v1.0\;C:\Windows\System32\OpenSSH\;C:\Program Files (x86)\NVIDIA Corporation\PhysX\Common;C:\Program Files\Intel\WiFi\bin\;C:\Program Files\Common Files\Intel\WirelessCommon\;C:\Program Files\NVIDIA Corporation\NVIDIA NvDLISR;C:\Program Files\NVIDIA Corporation\Nsight Compute 2019.5.0\;C:\Program Files (x86)\Windows Kits\8.1\Windows Performance Toolkit\;C:\Program Files\nodejs\;C:\Program Files\MATLAB\R2020b\bin;C:\Program Files\Git\cmd;C:\WINDOWS\system32;C:\WINDOWS;C:\WINDOWS\System32\Wbem;C:\WINDOWS\System32\WindowsPowerShell\v1.0\;C:\WINDOWS\System32\OpenSSH\;C:\Users\akack\AppData\Local\Programs\Python\Python37\Scripts\;C:\Users\akack\AppData\Local\Programs\Python\Python37\;C:\Users\akack\AppData\Local\Microsoft\WindowsApps;C:\Users\akack\AppData\Local\Programs\Microsoft VS Code\bin;C:\Users\akack\AppData\Roaming\npm;C:\Users\akack\AppData\Local\GitHubDesktop\bin;;."/>
    <property name="java.specification.name" value="Java Platform API Specification"/>
    <property name="java.class.version" value="52.0"/>
    <property name="sun.management.compiler" value="HotSpot 64-Bit Tiered Compilers"/>
    <property name="os.version" value="10.0"/>
    <property name="user.home" value="C:\Users\akack"/>
    <property name="user.timezone" value="Europe/Prague"/>
    <property name="java.awt.printerjob" value="sun.awt.windows.WPrinterJob"/>
    <property name="java.specification.version" value="1.8"/>
    <property name="file.encoding" value="UTF-8"/>
    <property name="user.name" value="akack"/>
    <property name="java.class.path" value="C:\Program Files\NetBeans 8.1\java\maven\boot\plexus-classworlds-2.4.jar"/>
    <property name="java.vm.specification.version" value="1.8"/>
    <property name="sun.arch.data.model" value="64"/>
    <property name="java.home" value="C:\Program Files\Java\jdk1.8.0_101\jre"/>
    <property name="sun.java.command" value="org.codehaus.plexus.classworlds.launcher.Launcher -Dmaven.ext.class.path=C:\Program Files\NetBeans 8.1\java\maven-nblib\netbeans-eventspy.jar -Dfile.encoding=UTF-8 clean install"/>
    <property name="java.specification.vendor" value="Oracle Corporation"/>
    <property name="user.language" value="sk"/>
    <property name="awt.toolkit" value="sun.awt.windows.WToolkit"/>
    <property name="java.vm.info" value="mixed mode"/>
    <property name="java.version" value="1.8.0_101"/>
    <property name="java.ext.dirs" value="C:\Program Files\Java\jdk1.8.0_101\jre\lib\ext;C:\WINDOWS\Sun\Java\lib\ext"/>
    <property name="sun.boot.class.path" value="C:\Program Files\Java\jdk1.8.0_101\jre\lib\resources.jar;C:\Program Files\Java\jdk1.8.0_101\jre\lib\rt.jar;C:\Program Files\Java\jdk1.8.0_101\jre\lib\sunrsasign.jar;C:\Program Files\Java\jdk1.8.0_101\jre\lib\jsse.jar;C:\Program Files\Java\jdk1.8.0_101\jre\lib\jce.jar;C:\Program Files\Java\jdk1.8.0_101\jre\lib\charsets.jar;C:\Program Files\Java\jdk1.8.0_101\jre\lib\jfr.jar;C:\Program Files\Java\jdk1.8.0_101\jre\classes"/>
    <property name="java.vendor" value="Oracle Corporation"/>
    <property name="maven.home" value="C:\Program Files\NetBeans 8.1\java\maven"/>
    <property name="file.separator" value="\"/>
    <property name="java.vendor.url.bug" value="http://bugreport.sun.com/bugreport/"/>
    <property name="sun.cpu.endian" value="little"/>
    <property name="sun.io.unicode.encoding" value="UnicodeLittle"/>
    <property name="sun.desktop" value="windows"/>
    <property name="sun.cpu.isalist" value="amd64"/>
  </properties>
  <testcase classname="clientTest.JedalenClientTest" name="UT010_pon_pocet" time="0.127"/>
  <testcase classname="clientTest.JedalenClientTest" name="UT011_pon_pocet" time="0"/>
  <testcase classname="clientTest.JedalenClientTest" name="UT012_ut_pocet" time="0.014"/>
  <testcase classname="clientTest.JedalenClientTest" name="UT020_XXX_pocet_1b" time="0.017"/>
  <testcase classname="clientTest.JedalenClientTest" name="UT030_pon_menu" time="0.077"/>
  <testcase classname="clientTest.JedalenClientTest" name="UT031_pon_menu" time="0"/>
  <testcase classname="clientTest.JedalenClientTest" name="UT032_pon_menu" time="0"/>
  <testcase classname="clientTest.JedalenClientTest" name="UT033_pon_menu" time="0"/>
  <testcase classname="clientTest.JedalenClientTest" name="UT040_ut_menu" time="0.016"/>
  <testcase classname="clientTest.JedalenClientTest" name="UT041_ut_menu" time="0"/>
  <testcase classname="clientTest.JedalenClientTest" name="UT050_pon_jedlo1" time="0.021"/>
  <testcase classname="clientTest.JedalenClientTest" name="UT051_pon_jedlo1" time="0"/>
  <testcase classname="clientTest.JedalenClientTest" name="UT052_pon_jedlo1" time="0"/>
  <testcase classname="clientTest.JedalenClientTest" name="UT060_pon_jedlo99" time="0.015"/>
  <testcase classname="clientTest.JedalenClientTest" name="UT070_pon_post" time="0.019"/>
  <testcase classname="clientTest.JedalenClientTest" name="UT080_pon_jedlo2" time="0.017"/>
  <testcase classname="clientTest.JedalenClientTest" name="UT090_pon_post_palacinky_znovu" time="0.015"/>
  <testcase classname="clientTest.JedalenClientTest" name="UT100_ut_post_halusky" time="0.012"/>
  <testcase classname="clientTest.JedalenClientTest" name="UT110_ut_jedlo1" time="0.016"/>
  <testcase classname="clientTest.JedalenClientTest" name="UT111_ut_jedlo1" time="0"/>
  <testcase classname="clientTest.JedalenClientTest" name="UT120_ut_post_palacinky" time="0.013"/>
  <testcase classname="clientTest.JedalenClientTest" name="UT201_find_gulas" time="0.01"/>
  <testcase classname="clientTest.JedalenClientTest" name="UT202_find_Palacinky" time="0.018"/>
  <testcase classname="clientTest.JedalenClientTest" name="UT203_find_Nic" time="0.008"/>
  <testcase classname="clientTest.JedalenClientTest" name="UT300_str_post" time="0.014"/>
  <testcase classname="clientTest.JedalenClientTest" name="UT310_str_delete" time="0.01"/>
  <testcase classname="clientTest.JedalenClientTest" name="UT320_str_jedlo1" time="0.01"/>
</testsuite>